<?xml version="1.0" encoding="UTF-8"?>
<!-- Generated by org.testng.reporters.JUnitReportReporter -->
<testsuite hostname="MAA12-ERNWHNFRF" failures="0" tests="1" name="testNG.test1" time="0.013" errors="0" timestamp="2025-09-13T05:02:33 IST" skipped="0">
  <testcase classname="testNG.test1" name="tc001" time="0.013"/>
</testsuite> <!-- testNG.test1 -->
